======================================== 
OpenMUC Auto-Restart Monitor Started 
Start Time: Wed 07/30/2025 17:02:56.91 
OpenMUC Home: C:\Users\Rightwatts\openmuc\modbus-to-modbus\modbusgateway\openmuc\framework 
Felix JAR: C:\Users\Rightwatts\openmuc\modbus-to-modbus\modbusgateway\openmuc\framework\felix\felix.jar 
Java: C:\Program Files\Java\jdk-11\bin\java.exe 
======================================== 
[Wed 07/30/2025 17:02:56.98] Starting OpenMUC Framework... 
[Wed 07/30/2025 17:02:57.00] OpenMUC exited with code: 3 
[Wed 07/30/2025 17:02:57.00] WARNING: Unexpected exit code 3 
[Wed 07/30/2025 17:02:57.00] Auto-restarting after unexpected exit... 
[Wed 07/30/2025 17:03:09.15] Starting OpenMUC Framework... 
[Wed 07/30/2025 17:03:09.15] OpenMUC exited with code: 3 
[Wed 07/30/2025 17:03:09.15] WARNING: Unexpected exit code 3 
[Wed 07/30/2025 17:03:09.15] Auto-restarting after unexpected exit... 
[Wed 07/30/2025 17:03:21.13] Starting OpenMUC Framework... 
[Wed 07/30/2025 17:03:21.13] OpenMUC exited with code: 3 
[Wed 07/30/2025 17:03:21.13] WARNING: Unexpected exit code 3 
[Wed 07/30/2025 17:03:21.13] Auto-restarting after unexpected exit... 
[Wed 07/30/2025 17:03:33.13] Starting OpenMUC Framework... 
[Wed 07/30/2025 17:03:33.13] OpenMUC exited with code: 3 
[Wed 07/30/2025 17:03:33.13] WARNING: Unexpected exit code 3 
[Wed 07/30/2025 17:03:33.13] Auto-restarting after unexpected exit... 
[Wed 07/30/2025 17:03:45.11] Starting OpenMUC Framework... 
[Wed 07/30/2025 17:03:45.12] OpenMUC exited with code: 3 
[Wed 07/30/2025 17:03:45.12] WARNING: Unexpected exit code 3 
[Wed 07/30/2025 17:03:45.12] Auto-restarting after unexpected exit... 
[Wed 07/30/2025 17:03:57.19] Starting OpenMUC Framework... 
[Wed 07/30/2025 17:03:57.19] OpenMUC exited with code: 3 
[Wed 07/30/2025 17:03:57.19] WARNING: Unexpected exit code 3 
[Wed 07/30/2025 17:03:57.19] Auto-restarting after unexpected exit... 
[Wed 07/30/2025 17:04:09.16] Starting OpenMUC Framework... 
[Wed 07/30/2025 17:04:09.17] OpenMUC exited with code: 3 
[Wed 07/30/2025 17:04:09.17] WARNING: Unexpected exit code 3 
[Wed 07/30/2025 17:04:09.17] Auto-restarting after unexpected exit... 
[Wed 07/30/2025 17:04:21.15] Starting OpenMUC Framework... 
[Wed 07/30/2025 17:04:21.15] OpenMUC exited with code: 3 
[Wed 07/30/2025 17:04:21.15] WARNING: Unexpected exit code 3 
[Wed 07/30/2025 17:04:21.15] Auto-restarting after unexpected exit... 
[Wed 07/30/2025 17:04:33.21] Starting OpenMUC Framework... 
[Wed 07/30/2025 17:04:33.22] OpenMUC exited with code: 3 
[Wed 07/30/2025 17:04:33.22] WARNING: Unexpected exit code 3 
[Wed 07/30/2025 17:04:33.22] Auto-restarting after unexpected exit... 
[Wed 07/30/2025 17:04:45.18] Starting OpenMUC Framework... 
[Wed 07/30/2025 17:04:45.18] OpenMUC exited with code: 3 
[Wed 07/30/2025 17:04:45.18] WARNING: Unexpected exit code 3 
[Wed 07/30/2025 17:04:45.18] Auto-restarting after unexpected exit... 
[Wed 07/30/2025 17:04:48.22] Starting OpenMUC Framework... 
[Wed 07/30/2025 17:04:48.22] OpenMUC exited with code: 3 
[Wed 07/30/2025 17:04:48.22] WARNING: Unexpected exit code 3 
[Wed 07/30/2025 17:04:48.22] Auto-restarting after unexpected exit... 
[Wed 07/30/2025 17:04:51.19] Starting OpenMUC Framework... 
[Wed 07/30/2025 17:04:51.21] OpenMUC exited with code: 3 
[Wed 07/30/2025 17:04:51.21] WARNING: Unexpected exit code 3 
[Wed 07/30/2025 17:04:51.21] User chose not to restart. Monitor stopping... 
======================================== 
OpenMUC Auto-Restart Monitor Started 
Start Time: Wed 07/30/2025 17:06:51.92 
OpenMUC Home: C:\Users\Rightwatts\openmuc\modbus-to-modbus\modbusgateway\openmuc\framework 
Felix JAR: C:\Users\Rightwatts\openmuc\modbus-to-modbus\modbusgateway\openmuc\framework\felix\felix.jar 
Java: C:\Program Files\Eclipse Adoptium\jdk-11.0.27.6-hotspot\bin\java.exe 
======================================== 
[Wed 07/30/2025 17:06:51.98] Starting OpenMUC Framework... 
[Wed 07/30/2025 17:07:30.40] OpenMUC exited with code: 0 
[Wed 07/30/2025 17:07:30.40] Normal restart requested via web interface. Restarting in 3 seconds... 
[Wed 07/30/2025 17:07:33.17] Starting OpenMUC Framework... 
[Wed 07/30/2025 17:08:28.31] OpenMUC exited with code: 0 
[Wed 07/30/2025 17:08:28.31] Normal restart requested via web interface. Restarting in 3 seconds... 
[Wed 07/30/2025 17:08:31.18] Starting OpenMUC Framework... 
[Wed 07/30/2025 17:14:49.39] OpenMUC exited with code: 0 
[Wed 07/30/2025 17:14:49.39] Normal restart requested via web interface. Restarting in 3 seconds... 
[Wed 07/30/2025 17:14:52.13] Starting OpenMUC Framework... 
[Wed 07/30/2025 17:19:24.83] OpenMUC exited with code: 0 
[Wed 07/30/2025 17:19:24.83] Normal restart requested via web interface. Restarting in 3 seconds... 
[Wed 07/30/2025 17:19:27.14] Starting OpenMUC Framework... 
[Wed 07/30/2025 17:20:44.74] OpenMUC exited with code: 0 
[Wed 07/30/2025 17:20:44.74] Normal restart requested via web interface. Restarting in 3 seconds... 
[Wed 07/30/2025 17:20:47.23] Starting OpenMUC Framework... 
[Wed 07/30/2025 17:37:07.69] OpenMUC exited with code: 0 
[Wed 07/30/2025 17:37:07.69] Normal restart requested via web interface. Restarting in 3 seconds... 
[Wed 07/30/2025 17:37:10.11] Starting OpenMUC Framework... 
[Wed 07/30/2025 17:38:02.92] OpenMUC exited with code: 0 
[Wed 07/30/2025 17:38:02.92] Normal restart requested via web interface. Restarting in 3 seconds... 
[Wed 07/30/2025 17:38:05.19] Starting OpenMUC Framework... 
[Wed 07/30/2025 17:43:08.91] OpenMUC exited with code: 0 
[Wed 07/30/2025 17:43:08.91] Normal restart requested via web interface. Restarting in 3 seconds... 
[Wed 07/30/2025 17:43:12.16] Starting OpenMUC Framework... 
[Wed 07/30/2025 18:19:25.40] OpenMUC exited with code: 0 
[Wed 07/30/2025 18:19:25.40] Normal restart requested via web interface. Restarting in 3 seconds... 
[Wed 07/30/2025 18:19:28.13] Starting OpenMUC Framework... 
